TN:
SF:C:\Users\Alexander\Documents\Visual_Studio_Projects\angular-module\src\polyfills.ts
FNF:0
FNH:0
LF:0
LH:0
BRF:0
BRH:0
end_of_record
TN:
SF:C:\Users\Alexander\Documents\Visual_Studio_Projects\angular-module\src\test.ts
FNF:0
FNH:0
DA:13,1
DA:18,1
DA:20,1
LF:3
LH:3
BRF:0
BRH:0
end_of_record
TN:
SF:C:\Users\Alexander\Documents\Visual_Studio_Projects\angular-module\src\app\counter-test\counter-test.component.ts
FN:13,(anonymous_0)
FN:22,(anonymous_1)
FN:27,(anonymous_2)
FNF:3
FNH:3
FNDA:5,(anonymous_0)
FNDA:2,(anonymous_1)
FNDA:1,(anonymous_2)
DA:9,1
DA:10,5
DA:13,5
DA:14,5
DA:20,5
DA:23,2
DA:24,2
DA:28,1
LF:8
LH:8
BRF:0
BRH:0
end_of_record
TN:
SF:C:\Users\Alexander\Documents\Visual_Studio_Projects\angular-module\src\app\playground\computeFunc.ts
FN:1,computeFuncSpec
FNF:1
FNH:1
FNDA:2,computeFuncSpec
DA:2,2
DA:3,1
DA:5,1
LF:3
LH:3
BRDA:2,0,0,1
BRDA:2,0,1,1
BRF:2
BRH:2
end_of_record
TN:
SF:C:\Users\Alexander\Documents\Visual_Studio_Projects\angular-module\src\app\playground\greetFunc.ts
FN:1,greetFunc
FNF:1
FNH:1
FNDA:1,greetFunc
DA:2,1
LF:1
LH:1
BRF:0
BRH:0
end_of_record
TN:
SF:C:\Users\Alexander\Documents\Visual_Studio_Projects\angular-module\src\app\posts\posts.component.ts
FN:12,(anonymous_0)
FN:15,(anonymous_1)
FN:16,(anonymous_2)
FN:21,(anonymous_3)
FN:23,(anonymous_4)
FN:25,(anonymous_5)
FN:28,(anonymous_6)
FNF:7
FNH:7
FNDA:6,(anonymous_0)
FNDA:2,(anonymous_1)
FNDA:1,(anonymous_2)
FNDA:2,(anonymous_3)
FNDA:1,(anonymous_4)
FNDA:1,(anonymous_5)
FNDA:2,(anonymous_6)
DA:8,1
DA:9,6
DA:12,6
DA:16,2
DA:17,1
DA:22,2
DA:23,2
DA:24,1
DA:25,1
DA:29,2
DA:30,1
LF:11
LH:11
BRDA:29,0,0,1
BRDA:29,0,1,1
BRF:2
BRH:2
end_of_record
TN:
SF:C:\Users\Alexander\Documents\Visual_Studio_Projects\angular-module\src\app\posts\posts.service.ts
FN:7,(anonymous_0)
FN:9,(anonymous_1)
FN:13,(anonymous_2)
FN:17,(anonymous_3)
FNF:4
FNH:1
FNDA:6,(anonymous_0)
FNDA:0,(anonymous_1)
FNDA:0,(anonymous_2)
FNDA:0,(anonymous_3)
DA:6,1
DA:7,6
DA:10,0
DA:14,0
DA:18,0
LF:5
LH:2
BRF:0
BRH:0
end_of_record
